/bin/sh: 1: python: not found
/bin/sh: 1: python: not found
/bin/sh: 1: python: not found
/bin/sh: 1: python: not found
/bin/sh: 1: root: not found
/bin/sh: 1: /bin/sh: 1: root: not foundpython: not found

/bin/sh: 1: python: not found
/bin/sh: 1: root: not found
/bin/sh: 1: python: not found
/bin/sh: 1: root: not found
/bin/sh: 1: python: not found
/bin/sh: 1: root: not found
/bin/sh: 1: python: not found
/bin/sh: 1: root: not found
/bin/sh: 1: root: not found
/bin/sh: 1: python: not found
/bin/sh: 1: root: not found
/bin/sh: 1: python: not found
/bin/sh: 1: python: not found
/bin/sh: 1: root: not found
/bin/sh: 1: /bin/sh: 1: root: not found
python: not found
/bin/sh: 1: /bin/sh: 1: root: not foundpython: not found

/bin/sh: 1: python: not found
/bin/sh: 1: root: not found
/bin/sh: 1: /bin/sh: 1: python: not found
root: not found
/bin/sh: 1: python: not found
/bin/sh: 1: root: not found
/bin/sh: 1: python: not found
/bin/sh: 1: root: not found
/bin/sh: 1: root: not found
/bin/sh: 1: python: not found
/bin/sh: 1: root: not found
/bin/sh: 1: python: not found
/bin/sh: 1: python: not found
/bin/sh: 1: root: not found
/bin/sh: 1: python: not found
/bin/sh: 1: root: not found
/bin/sh: 1: root: not found
/bin/sh: 1: python: not found
/bin/sh: 1: /bin/sh: 1: root: not foundpython: not found

/bin/sh: 1: python: not found
/bin/sh: 1: root: not found
/bin/sh: 1: /bin/sh: 1: python: not foundroot: not found

/bin/sh: 1: python: not found
/bin/sh: 1: root: not found
